# JRE version: Java(TM) SE Runtime Environment (17.0.12+8) (build 17.0.12+8-LTS-286)
# Java VM: Java HotSpot(TM) 64-Bit Server VM (17.0.12+8-LTS-286, mixed mode, sharing, tiered, compressed oops, compressed class ptrs, g1 gc, windows-amd64)
GC Precious Log:
 CPUs: 8 total, 8 available
 Memory: 32627M
 Large Page Support: Disabled
 NUMA Support: Disabled
 Compressed Oops: Enabled (Zero based)
 Heap Region Size: 4M
 Heap Min Capacity: 8M
 Heap Initial Capacity: 512M
 Heap Max Capacity: 8160M
 Pre-touch: Disabled
 Parallel Workers: 8
 Concurrent Workers: 2
 Concurrent Refinement Workers: 8
 Periodic GC: Disabled
Heap:
 garbage-first heap   total 524288K, used 21236K [0x0000000602000000, 0x0000000800000000)
  region size 4096K, 4 young (16384K), 1 survivors (4096K)
 Metaspace       used 9617K, committed 9792K, reserved 1114112K
  class space    used 1130K, committed 1216K, reserved 1048576K
GC Heap History (6 events):
Event: 2.186 GC heap before
{Heap before GC invocations=0 (full 0):
 garbage-first heap   total 524288K, used 24576K [0x0000000602000000, 0x0000000800000000)
  region size 4096K, 6 young (24576K), 0 survivors (0K)
 Metaspace       used 3055K, committed 3264K, reserved 1114112K
  class space    used 282K, committed 384K, reserved 1048576K
}
Event: 2.192 GC heap after
{Heap after GC invocations=1 (full 0):
 garbage-first heap   total 524288K, used 11447K [0x0000000602000000, 0x0000000800000000)
  region size 4096K, 1 young (4096K), 1 survivors (4096K)
 Metaspace       used 3055K, committed 3264K, reserved 1114112K
  class space    used 282K, committed 384K, reserved 1048576K
}
Event: 2.594 GC heap before
{Heap before GC invocations=1 (full 0):
 garbage-first heap   total 524288K, used 31927K [0x0000000602000000, 0x0000000800000000)
  region size 4096K, 6 young (24576K), 1 survivors (4096K)
 Metaspace       used 4645K, committed 4800K, reserved 1114112K
  class space    used 478K, committed 512K, reserved 1048576K
}
Event: 2.599 GC heap after
{Heap after GC invocations=2 (full 0):
 garbage-first heap   total 524288K, used 11664K [0x0000000602000000, 0x0000000800000000)
  region size 4096K, 1 young (4096K), 1 survivors (4096K)
 Metaspace       used 4645K, committed 4800K, reserved 1114112K
  class space    used 478K, committed 512K, reserved 1048576K
}
Event: 3.800 GC heap before
{Heap before GC invocations=2 (full 0):
 garbage-first heap   total 524288K, used 60816K [0x0000000602000000, 0x0000000800000000)
  region size 4096K, 13 young (53248K), 1 survivors (4096K)
 Metaspace       used 9137K, committed 9344K, reserved 1114112K
  class space    used 1072K, committed 1152K, reserved 1048576K
}
Event: 3.805 GC heap after
{Heap after GC invocations=3 (full 0):
 garbage-first heap   total 524288K, used 13044K [0x0000000602000000, 0x0000000800000000)
  region size 4096K, 1 young (4096K), 1 survivors (4096K)
 Metaspace       used 9137K, committed 9344K, reserved 1114112K
  class space    used 1072K, committed 1152K, reserved 1048576K
}

